0 info it worked if it ends with ok
1 verbose cli [ 'C:\\Program Files\\nodejs\\node.exe',
1 verbose cli   'C:\\Program Files\\nodejs\\node_modules\\npm\\bin\\npm-cli.js',
1 verbose cli   'install',
1 verbose cli   'graphicsmagick' ]
2 info using npm@3.10.10
3 info using node@v6.11.3
4 silly loadCurrentTree Starting
5 silly install loadCurrentTree
6 silly install readLocalPackageData
7 silly fetchPackageMetaData graphicsmagick
8 silly fetchNamedPackageData graphicsmagick
9 silly mapToRegistry name graphicsmagick
10 silly mapToRegistry using default registry
11 silly mapToRegistry registry https://registry.npmjs.org/
12 silly mapToRegistry data Result {
12 silly mapToRegistry   raw: 'graphicsmagick',
12 silly mapToRegistry   scope: null,
12 silly mapToRegistry   escapedName: 'graphicsmagick',
12 silly mapToRegistry   name: 'graphicsmagick',
12 silly mapToRegistry   rawSpec: '',
12 silly mapToRegistry   spec: 'latest',
12 silly mapToRegistry   type: 'tag' }
13 silly mapToRegistry uri https://registry.npmjs.org/graphicsmagick
14 verbose request uri https://registry.npmjs.org/graphicsmagick
15 verbose request no auth needed
16 info attempt registry request try #1 at 17:26:57
17 verbose request id 87294757df0c5a3b
18 verbose etag W/"58dce86a-4d9"
19 verbose lastModified Thu, 30 Mar 2017 11:13:46 GMT
20 http request GET https://registry.npmjs.org/graphicsmagick
21 http 304 https://registry.npmjs.org/graphicsmagick
22 verbose headers { date: 'Fri, 08 Sep 2017 09:27:00 GMT',
22 verbose headers   via: '1.1 varnish',
22 verbose headers   'cache-control': 'max-age=300',
22 verbose headers   etag: 'W/"58dce86a-4d9"',
22 verbose headers   age: '0',
22 verbose headers   connection: 'keep-alive',
22 verbose headers   'x-served-by': 'cache-bur17545-BUR',
22 verbose headers   'x-cache': 'MISS',
22 verbose headers   'x-cache-hits': '0',
22 verbose headers   'x-timer': 'S1504862820.347580,VS0,VE321',
22 verbose headers   vary: 'Accept-Encoding, Accept' }
23 silly get cb [ 304,
23 silly get   { date: 'Fri, 08 Sep 2017 09:27:00 GMT',
23 silly get     via: '1.1 varnish',
23 silly get     'cache-control': 'max-age=300',
23 silly get     etag: 'W/"58dce86a-4d9"',
23 silly get     age: '0',
23 silly get     connection: 'keep-alive',
23 silly get     'x-served-by': 'cache-bur17545-BUR',
23 silly get     'x-cache': 'MISS',
23 silly get     'x-cache-hits': '0',
23 silly get     'x-timer': 'S1504862820.347580,VS0,VE321',
23 silly get     vary: 'Accept-Encoding, Accept' } ]
24 verbose etag https://registry.npmjs.org/graphicsmagick from cache
25 verbose get saving graphicsmagick to C:\Users\lzp\AppData\Roaming\npm-cache\registry.npmjs.org\graphicsmagick\.cache.json
26 verbose correctMkdir C:\Users\lzp\AppData\Roaming\npm-cache correctMkdir not in flight; initializing
27 silly install normalizeTree
28 silly loadCurrentTree Finishing
29 silly loadIdealTree Starting
30 silly install loadIdealTree
31 silly cloneCurrentTree Starting
32 silly install cloneCurrentTreeToIdealTree
33 silly cloneCurrentTree Finishing
34 silly loadShrinkwrap Starting
35 silly install loadShrinkwrap
36 silly loadShrinkwrap Finishing
37 silly loadAllDepsIntoIdealTree Starting
38 silly install loadAllDepsIntoIdealTree
39 silly resolveWithNewModule graphicsmagick@0.0.1 checking installable status
40 silly cache add args [ 'graphicsmagick', null ]
41 verbose cache add spec graphicsmagick
42 silly cache add parsed spec Result {
42 silly cache add   raw: 'graphicsmagick',
42 silly cache add   scope: null,
42 silly cache add   escapedName: 'graphicsmagick',
42 silly cache add   name: 'graphicsmagick',
42 silly cache add   rawSpec: '',
42 silly cache add   spec: 'latest',
42 silly cache add   type: 'tag' }
43 silly addNamed graphicsmagick@latest
44 verbose addNamed "latest" is being treated as a dist-tag for graphicsmagick
45 info addNameTag [ 'graphicsmagick', 'latest' ]
46 silly mapToRegistry name graphicsmagick
47 silly mapToRegistry using default registry
48 silly mapToRegistry registry https://registry.npmjs.org/
49 silly mapToRegistry data Result {
49 silly mapToRegistry   raw: 'graphicsmagick',
49 silly mapToRegistry   scope: null,
49 silly mapToRegistry   escapedName: 'graphicsmagick',
49 silly mapToRegistry   name: 'graphicsmagick',
49 silly mapToRegistry   rawSpec: '',
49 silly mapToRegistry   spec: 'latest',
49 silly mapToRegistry   type: 'tag' }
50 silly mapToRegistry uri https://registry.npmjs.org/graphicsmagick
51 verbose addNameTag registry:https://registry.npmjs.org/graphicsmagick not in flight; fetching
52 verbose get https://registry.npmjs.org/graphicsmagick not expired, no request
53 silly addNameTag next cb for graphicsmagick with tag latest
54 silly addNamed graphicsmagick@0.0.1
55 verbose addNamed "0.0.1" is a plain semver version for graphicsmagick
56 silly cache afterAdd graphicsmagick@0.0.1
57 verbose afterAdd C:\Users\lzp\AppData\Roaming\npm-cache\graphicsmagick\0.0.1\package\package.json not in flight; writing
58 verbose correctMkdir C:\Users\lzp\AppData\Roaming\npm-cache correctMkdir not in flight; initializing
59 verbose afterAdd C:\Users\lzp\AppData\Roaming\npm-cache\graphicsmagick\0.0.1\package\package.json written
60 silly loadAllDepsIntoIdealTree Finishing
61 silly loadIdealTree Finishing
62 silly currentTree Tele-Servers
62 silly currentTree +-- accepts@1.3.4
62 silly currentTree +-- array-flatten@1.1.1
62 silly currentTree +-- array-parallel@0.1.3
62 silly currentTree +-- array-series@0.1.5
62 silly currentTree +-- base64-url@1.3.3
62 silly currentTree +-- bson@1.0.4
62 silly currentTree +-- buffer-shims@1.0.0
62 silly currentTree +-- captchapng@0.0.1
62 silly currentTree | `-- pnglib@0.0.1
62 silly currentTree +-- child_process@1.0.2
62 silly currentTree +-- content-disposition@0.5.2
62 silly currentTree +-- content-type@1.0.2
62 silly currentTree +-- cookie-signature@1.0.6
62 silly currentTree +-- cookie@0.3.1
62 silly currentTree +-- core-util-is@1.0.2
62 silly currentTree +-- crc@3.4.4
62 silly currentTree +-- cross-spawn@4.0.2
62 silly currentTree +-- debug@2.2.0
62 silly currentTree +-- decompress-response@3.3.0
62 silly currentTree +-- depd@1.1.1
62 silly currentTree +-- destroy@1.0.4
62 silly currentTree +-- duplexer3@0.1.4
62 silly currentTree +-- ee-first@1.1.1
62 silly currentTree +-- ejs@2.5.7
62 silly currentTree +-- encodeurl@1.0.1
62 silly currentTree +-- es6-promise@3.2.1
62 silly currentTree +-- escape-html@1.0.3
62 silly currentTree +-- etag@1.8.0
62 silly currentTree +-- express-session@1.11.3
62 silly currentTree | +-- cookie-signature@1.0.6
62 silly currentTree | +-- cookie@0.1.3
62 silly currentTree | +-- crc@3.3.0
62 silly currentTree | +-- debug@2.2.0
62 silly currentTree | | `-- ms@0.7.1
62 silly currentTree | +-- depd@1.0.1
62 silly currentTree | +-- on-headers@1.0.0
62 silly currentTree | +-- parseurl@1.3.0
62 silly currentTree | +-- uid-safe@2.0.0
62 silly currentTree | | `-- base64-url@1.2.1
62 silly currentTree | `-- utils-merge@1.0.0
62 silly currentTree +-- express@4.15.4
62 silly currentTree | +-- debug@2.6.8
62 silly currentTree | `-- ms@2.0.0
62 silly currentTree +-- finalhandler@1.0.4
62 silly currentTree | +-- debug@2.6.8
62 silly currentTree | `-- ms@2.0.0
62 silly currentTree +-- formidable@1.1.1
62 silly currentTree +-- forwarded@0.1.0
62 silly currentTree +-- fresh@0.5.0
62 silly currentTree +-- get-stream@3.0.0
62 silly currentTree +-- gm@1.23.0
62 silly currentTree +-- got@7.1.0
62 silly currentTree +-- has-symbol-support-x@1.4.0
62 silly currentTree +-- has-to-string-tag-x@1.4.0
62 silly currentTree +-- http-errors@1.6.2
62 silly currentTree +-- imagemagick@0.1.3
62 silly currentTree +-- inherits@2.0.3
62 silly currentTree +-- ipaddr.js@1.4.0
62 silly currentTree +-- is-object@1.0.1
62 silly currentTree +-- is-plain-obj@1.1.0
62 silly currentTree +-- is-retry-allowed@1.1.0
62 silly currentTree +-- is-stream@1.1.0
62 silly currentTree +-- isarray@1.0.0
62 silly currentTree +-- isexe@2.0.0
62 silly currentTree +-- isurl@1.0.0
62 silly currentTree +-- lowercase-keys@1.0.0
62 silly currentTree +-- lru-cache@4.1.1
62 silly currentTree +-- media-typer@0.3.0
62 silly currentTree +-- merge-descriptors@1.0.1
62 silly currentTree +-- methods@1.1.2
62 silly currentTree +-- mime-db@1.30.0
62 silly currentTree +-- mime-types@2.1.17
62 silly currentTree +-- mime@1.3.4
62 silly currentTree +-- mimic-response@1.0.0
62 silly currentTree +-- mongo@0.1.0
62 silly currentTree +-- mongodb-core@2.1.8
62 silly currentTree +-- mongodb@2.2.24
62 silly currentTree +-- ms@0.7.1
62 silly currentTree +-- negotiator@0.6.1
62 silly currentTree +-- nodemailer-smtp-transport
62 silly currentTree +-- nodemailer@3.1.7
62 silly currentTree +-- on-finished@2.3.0
62 silly currentTree +-- on-headers@1.0.1
62 silly currentTree +-- p-cancelable@0.3.0
62 silly currentTree +-- p-finally@1.0.0
62 silly currentTree +-- p-timeout@1.2.0
62 silly currentTree +-- parseurl@1.3.1
62 silly currentTree +-- path-to-regexp@0.1.7
62 silly currentTree +-- pnglib@0.0.1
62 silly currentTree +-- prepend-http@1.0.4
62 silly currentTree +-- process-nextick-args@1.0.7
62 silly currentTree +-- proxy-addr@1.1.5
62 silly currentTree +-- pseudomap@1.0.2
62 silly currentTree +-- qs@6.5.0
62 silly currentTree +-- random-bytes@1.0.0
62 silly currentTree +-- range-parser@1.2.0
62 silly currentTree +-- readable-stream@2.1.5
62 silly currentTree +-- require_optional@1.0.0
62 silly currentTree +-- resolve-from@2.0.0
62 silly currentTree +-- safe-buffer@5.1.1
62 silly currentTree +-- semver@5.3.0
62 silly currentTree +-- send@0.15.4
62 silly currentTree | +-- debug@2.6.8
62 silly currentTree | `-- ms@2.0.0
62 silly currentTree +-- serve-static@1.12.4
62 silly currentTree +-- setprototypeof@1.0.3
62 silly currentTree +-- statuses@1.3.1
62 silly currentTree +-- string_decoder@0.10.31
62 silly currentTree +-- timed-out@4.0.1
62 silly currentTree +-- type-is@1.6.15
62 silly currentTree +-- uid-safe@2.1.3
62 silly currentTree +-- unpipe@1.0.0
62 silly currentTree +-- url-parse-lax@1.0.0
62 silly currentTree +-- url-to-options@1.0.1
62 silly currentTree +-- util-deprecate@1.0.2
62 silly currentTree +-- utils-merge@1.0.0
62 silly currentTree +-- vary@1.1.1
62 silly currentTree +-- vue-resource@1.3.4
62 silly currentTree +-- vue@2.4.2
62 silly currentTree +-- which@1.3.0
62 silly currentTree `-- yallist@2.1.2
63 silly idealTree Tele-Servers
63 silly idealTree +-- accepts@1.3.4
63 silly idealTree +-- array-flatten@1.1.1
63 silly idealTree +-- array-parallel@0.1.3
63 silly idealTree +-- array-series@0.1.5
63 silly idealTree +-- base64-url@1.3.3
63 silly idealTree +-- bson@1.0.4
63 silly idealTree +-- buffer-shims@1.0.0
63 silly idealTree +-- captchapng@0.0.1
63 silly idealTree | `-- pnglib@0.0.1
63 silly idealTree +-- child_process@1.0.2
63 silly idealTree +-- content-disposition@0.5.2
63 silly idealTree +-- content-type@1.0.2
63 silly idealTree +-- cookie-signature@1.0.6
63 silly idealTree +-- cookie@0.3.1
63 silly idealTree +-- core-util-is@1.0.2
63 silly idealTree +-- crc@3.4.4
63 silly idealTree +-- cross-spawn@4.0.2
63 silly idealTree +-- debug@2.2.0
63 silly idealTree +-- decompress-response@3.3.0
63 silly idealTree +-- depd@1.1.1
63 silly idealTree +-- destroy@1.0.4
63 silly idealTree +-- duplexer3@0.1.4
63 silly idealTree +-- ee-first@1.1.1
63 silly idealTree +-- ejs@2.5.7
63 silly idealTree +-- encodeurl@1.0.1
63 silly idealTree +-- es6-promise@3.2.1
63 silly idealTree +-- escape-html@1.0.3
63 silly idealTree +-- etag@1.8.0
63 silly idealTree +-- express-session@1.11.3
63 silly idealTree | +-- cookie-signature@1.0.6
63 silly idealTree | +-- cookie@0.1.3
63 silly idealTree | +-- crc@3.3.0
63 silly idealTree | +-- debug@2.2.0
63 silly idealTree | | `-- ms@0.7.1
63 silly idealTree | +-- depd@1.0.1
63 silly idealTree | +-- on-headers@1.0.0
63 silly idealTree | +-- parseurl@1.3.0
63 silly idealTree | +-- uid-safe@2.0.0
63 silly idealTree | | `-- base64-url@1.2.1
63 silly idealTree | `-- utils-merge@1.0.0
63 silly idealTree +-- express@4.15.4
63 silly idealTree | +-- debug@2.6.8
63 silly idealTree | `-- ms@2.0.0
63 silly idealTree +-- finalhandler@1.0.4
63 silly idealTree | +-- debug@2.6.8
63 silly idealTree | `-- ms@2.0.0
63 silly idealTree +-- formidable@1.1.1
63 silly idealTree +-- forwarded@0.1.0
63 silly idealTree +-- fresh@0.5.0
63 silly idealTree +-- get-stream@3.0.0
63 silly idealTree +-- gm@1.23.0
63 silly idealTree +-- got@7.1.0
63 silly idealTree +-- graphicsmagick@0.0.1
63 silly idealTree +-- has-symbol-support-x@1.4.0
63 silly idealTree +-- has-to-string-tag-x@1.4.0
63 silly idealTree +-- http-errors@1.6.2
63 silly idealTree +-- imagemagick@0.1.3
63 silly idealTree +-- inherits@2.0.3
63 silly idealTree +-- ipaddr.js@1.4.0
63 silly idealTree +-- is-object@1.0.1
63 silly idealTree +-- is-plain-obj@1.1.0
63 silly idealTree +-- is-retry-allowed@1.1.0
63 silly idealTree +-- is-stream@1.1.0
63 silly idealTree +-- isarray@1.0.0
63 silly idealTree +-- isexe@2.0.0
63 silly idealTree +-- isurl@1.0.0
63 silly idealTree +-- lowercase-keys@1.0.0
63 silly idealTree +-- lru-cache@4.1.1
63 silly idealTree +-- media-typer@0.3.0
63 silly idealTree +-- merge-descriptors@1.0.1
63 silly idealTree +-- methods@1.1.2
63 silly idealTree +-- mime-db@1.30.0
63 silly idealTree +-- mime-types@2.1.17
63 silly idealTree +-- mime@1.3.4
63 silly idealTree +-- mimic-response@1.0.0
63 silly idealTree +-- mongo@0.1.0
63 silly idealTree +-- mongodb-core@2.1.8
63 silly idealTree +-- mongodb@2.2.24
63 silly idealTree +-- ms@0.7.1
63 silly idealTree +-- negotiator@0.6.1
63 silly idealTree +-- nodemailer-smtp-transport
63 silly idealTree +-- nodemailer@3.1.7
63 silly idealTree +-- on-finished@2.3.0
63 silly idealTree +-- on-headers@1.0.1
63 silly idealTree +-- p-cancelable@0.3.0
63 silly idealTree +-- p-finally@1.0.0
63 silly idealTree +-- p-timeout@1.2.0
63 silly idealTree +-- parseurl@1.3.1
63 silly idealTree +-- path-to-regexp@0.1.7
63 silly idealTree +-- pnglib@0.0.1
63 silly idealTree +-- prepend-http@1.0.4
63 silly idealTree +-- process-nextick-args@1.0.7
63 silly idealTree +-- proxy-addr@1.1.5
63 silly idealTree +-- pseudomap@1.0.2
63 silly idealTree +-- qs@6.5.0
63 silly idealTree +-- random-bytes@1.0.0
63 silly idealTree +-- range-parser@1.2.0
63 silly idealTree +-- readable-stream@2.1.5
63 silly idealTree +-- require_optional@1.0.0
63 silly idealTree +-- resolve-from@2.0.0
63 silly idealTree +-- safe-buffer@5.1.1
63 silly idealTree +-- semver@5.3.0
63 silly idealTree +-- send@0.15.4
63 silly idealTree | +-- debug@2.6.8
63 silly idealTree | `-- ms@2.0.0
63 silly idealTree +-- serve-static@1.12.4
63 silly idealTree +-- setprototypeof@1.0.3
63 silly idealTree +-- statuses@1.3.1
63 silly idealTree +-- string_decoder@0.10.31
63 silly idealTree +-- timed-out@4.0.1
63 silly idealTree +-- type-is@1.6.15
63 silly idealTree +-- uid-safe@2.1.3
63 silly idealTree +-- unpipe@1.0.0
63 silly idealTree +-- url-parse-lax@1.0.0
63 silly idealTree +-- url-to-options@1.0.1
63 silly idealTree +-- util-deprecate@1.0.2
63 silly idealTree +-- utils-merge@1.0.0
63 silly idealTree +-- vary@1.1.1
63 silly idealTree +-- vue-resource@1.3.4
63 silly idealTree +-- vue@2.4.2
63 silly idealTree +-- which@1.3.0
63 silly idealTree `-- yallist@2.1.2
64 silly generateActionsToTake Starting
65 silly install generateActionsToTake
66 silly generateActionsToTake Finishing
67 silly diffTrees action count 1
68 silly diffTrees add graphicsmagick@0.0.1
69 silly decomposeActions action count 8
70 silly decomposeActions fetch graphicsmagick@0.0.1
71 silly decomposeActions extract graphicsmagick@0.0.1
72 silly decomposeActions test graphicsmagick@0.0.1
73 silly decomposeActions preinstall graphicsmagick@0.0.1
74 silly decomposeActions build graphicsmagick@0.0.1
75 silly decomposeActions install graphicsmagick@0.0.1
76 silly decomposeActions postinstall graphicsmagick@0.0.1
77 silly decomposeActions finalize graphicsmagick@0.0.1
78 silly runTopLevelLifecycles Starting
79 silly executeActions Starting
80 silly install executeActions
81 silly doSerial global-install 0
82 silly doParallel fetch 1
83 verbose correctMkdir C:\Users\lzp\AppData\Roaming\npm-cache\_locks correctMkdir not in flight; initializing
84 verbose lock using C:\Users\lzp\AppData\Roaming\npm-cache\_locks\staging-98b1905c3d0ecdd8.lock for D:\WebStrom\Tele-Servers\node_modules\.staging
85 silly doParallel extract 1
86 silly extract graphicsmagick@0.0.1
87 verbose unbuild node_modules\.staging\graphicsmagick-29ea1d0e
88 silly gentlyRm D:\WebStrom\Tele-Servers\node_modules\.staging\graphicsmagick-29ea1d0e is being purged from base D:\WebStrom\Tele-Servers
89 verbose gentlyRm don't care about contents; nuking D:\WebStrom\Tele-Servers\node_modules\.staging\graphicsmagick-29ea1d0e
90 verbose tar unpack C:\Users\lzp\AppData\Roaming\npm-cache\graphicsmagick\0.0.1\package.tgz
91 verbose tar unpacking to D:\WebStrom\Tele-Servers\node_modules\.staging\graphicsmagick-29ea1d0e
92 silly gentlyRm D:\WebStrom\Tele-Servers\node_modules\.staging\graphicsmagick-29ea1d0e is being purged
93 verbose gentlyRm don't care about contents; nuking D:\WebStrom\Tele-Servers\node_modules\.staging\graphicsmagick-29ea1d0e
94 silly gunzTarPerm modes [ '777', '666' ]
95 silly gunzTarPerm extractEntry wscript
96 silly gunzTarPerm modified mode [ 'wscript', 493, 511 ]
97 silly gunzTarPerm extractEntry GraphicsMagick.cc
98 silly gunzTarPerm modified mode [ 'GraphicsMagick.cc', 493, 511 ]
99 silly gunzTarPerm extractEntry README.creole
100 silly gunzTarPerm modified mode [ 'README.creole', 493, 511 ]
101 silly gunzTarPerm extractEntry test.jpg
102 silly gunzTarPerm modified mode [ 'test.jpg', 493, 511 ]
103 silly gunzTarPerm extractEntry .npmignore
104 silly gunzTarPerm modified mode [ '.npmignore', 420, 438 ]
105 silly gunzTarPerm extractEntry build/
106 silly gunzTarPerm modified mode [ 'build/', 493, 511 ]
107 silly gunzTarPerm extractEntry build/.wafpickle-7
108 silly gunzTarPerm modified mode [ 'build/.wafpickle-7', 420, 438 ]
109 silly gunzTarPerm extractEntry test.js
110 silly gunzTarPerm modified mode [ 'test.js', 493, 511 ]
111 silly gunzTarPerm extractEntry package.json
112 silly gunzTarPerm modified mode [ 'package.json', 493, 511 ]
113 silly gentlyRm D:\WebStrom\Tele-Servers\node_modules\.staging\graphicsmagick-29ea1d0e\node_modules is being purged
114 verbose gentlyRm don't care about contents; nuking D:\WebStrom\Tele-Servers\node_modules\.staging\graphicsmagick-29ea1d0e\node_modules
115 silly doParallel preinstall 1
116 silly preinstall graphicsmagick@0.0.1 D:\WebStrom\Tele-Servers\node_modules\.staging\graphicsmagick-29ea1d0e
117 info lifecycle graphicsmagick@0.0.1~preinstall: graphicsmagick@0.0.1
118 verbose lifecycle graphicsmagick@0.0.1~preinstall: unsafe-perm in lifecycle true
119 verbose lifecycle graphicsmagick@0.0.1~preinstall: PATH: C:\Program Files\nodejs\node_modules\npm\bin\node-gyp-bin;D:\WebStrom\Tele-Servers\node_modules\.staging\graphicsmagick-29ea1d0e\node_modules\.bin;D:\WebStrom\Tele-Servers\node_modules\.bin;C:\Program Files (x86)\Intel\iCLS Client\;C:\Program Files\Intel\iCLS Client\;C:\Windows\system32;C:\Windows;C:\Windows\System32\Wbem;C:\Windows\System32\WindowsPowerShell\v1.0\;C:\Program Files\Intel\Intel(R) Management Engine Components\DAL;C:\Program Files\Intel\Intel(R) Management Engine Components\IPT;C:\Program Files (x86)\Intel\Intel(R) Management Engine Components\DAL;C:\Program Files (x86)\Intel\Intel(R) Management Engine Components\IPT;C:\Python27;C:\Program Files\MongoDB\Server\3.4\bin;C:\Program Files\nodejs\;C:\Program Files (x86)\Intel\iCLS Client\;C:\Program Files\Intel\iCLS Client\;C:\Windows\system32;C:\Windows;C:\Windows\System32\Wbem;C:\Windows\System32\WindowsPowerShell\v1.0\;C:\Program Files\Intel\Intel(R) Management Engine Components\DAL;C:\Program Files\Intel\Intel(R) Management Engine Components\IPT;C:\Program Files (x86)\Intel\Intel(R) Management Engine Components\DAL;C:\Program Files (x86)\Intel\Intel(R) Management Engine Components\IPT;C:\Users\lzp\AppData\Local\Programs\Git\cmd;C:\Users\lzp\AppData\Roaming\npm
120 verbose lifecycle graphicsmagick@0.0.1~preinstall: CWD: D:\WebStrom\Tele-Servers\node_modules\.staging\graphicsmagick-29ea1d0e
121 silly lifecycle graphicsmagick@0.0.1~preinstall: Args: [ '/d /s /c',
121 silly lifecycle   'node-waf clean || (exit 0); node-waf configure build' ]
122 silly lifecycle graphicsmagick@0.0.1~preinstall: Returned: code: 1  signal: null
123 info lifecycle graphicsmagick@0.0.1~preinstall: Failed to exec preinstall script
124 verbose unlock done using C:\Users\lzp\AppData\Roaming\npm-cache\_locks\staging-98b1905c3d0ecdd8.lock for D:\WebStrom\Tele-Servers\node_modules\.staging
125 silly rollbackFailedOptional Starting
126 silly rollbackFailedOptional Finishing
127 silly runTopLevelLifecycles Finishing
128 silly install printInstalled
129 warn enoent ENOENT: no such file or directory, open 'D:\WebStrom\Tele-Servers\package.json'
130 verbose enoent ENOENT: no such file or directory, open 'D:\WebStrom\Tele-Servers\package.json'
130 verbose enoent This is most likely not a problem with npm itself
130 verbose enoent and is related to npm not being able to find a file.
131 warn enoent ENOENT: no such file or directory, open 'D:\WebStrom\Tele-Servers\node_modules\nodemailer-smtp-transport\package.json'
132 verbose enoent ENOENT: no such file or directory, open 'D:\WebStrom\Tele-Servers\node_modules\nodemailer-smtp-transport\package.json'
132 verbose enoent This is most likely not a problem with npm itself
132 verbose enoent and is related to npm not being able to find a file.
133 warn Tele-Servers No description
134 verbose If you need help, you may report this error at:
134 verbose     <https://github.com/npm/npm/issues>
135 warn Tele-Servers No repository field.
136 verbose If you need help, you may report this error at:
136 verbose     <https://github.com/npm/npm/issues>
137 warn Tele-Servers No README data
138 verbose If you need help, you may report this error at:
138 verbose     <https://github.com/npm/npm/issues>
139 warn Tele-Servers No license field.
140 verbose If you need help, you may report this error at:
140 verbose     <https://github.com/npm/npm/issues>
141 verbose stack Error: graphicsmagick@0.0.1 preinstall: `node-waf clean || (exit 0); node-waf configure build`
141 verbose stack Exit status 1
141 verbose stack     at EventEmitter.<anonymous> (C:\Program Files\nodejs\node_modules\npm\lib\utils\lifecycle.js:255:16)
141 verbose stack     at emitTwo (events.js:106:13)
141 verbose stack     at EventEmitter.emit (events.js:191:7)
141 verbose stack     at ChildProcess.<anonymous> (C:\Program Files\nodejs\node_modules\npm\lib\utils\spawn.js:40:14)
141 verbose stack     at emitTwo (events.js:106:13)
141 verbose stack     at ChildProcess.emit (events.js:191:7)
141 verbose stack     at maybeClose (internal/child_process.js:920:16)
141 verbose stack     at Process.ChildProcess._handle.onexit (internal/child_process.js:230:5)
142 verbose pkgid graphicsmagick@0.0.1
143 verbose cwd D:\WebStrom\Tele-Servers
144 error Windows_NT 6.1.7601
145 error argv "C:\\Program Files\\nodejs\\node.exe" "C:\\Program Files\\nodejs\\node_modules\\npm\\bin\\npm-cli.js" "install" "graphicsmagick"
146 error node v6.11.3
147 error npm  v3.10.10
148 error code ELIFECYCLE
149 error graphicsmagick@0.0.1 preinstall: `node-waf clean || (exit 0); node-waf configure build`
149 error Exit status 1
150 error Failed at the graphicsmagick@0.0.1 preinstall script 'node-waf clean || (exit 0); node-waf configure build'.
150 error Make sure you have the latest version of node.js and npm installed.
150 error If you do, this is most likely a problem with the graphicsmagick package,
150 error not with npm itself.
150 error Tell the author that this fails on your system:
150 error     node-waf clean || (exit 0); node-waf configure build
150 error You can get information on how to open an issue for this project with:
150 error     npm bugs graphicsmagick
150 error Or if that isn't available, you can get their info via:
150 error     npm owner ls graphicsmagick
150 error There is likely additional logging output above.
151 verbose exit [ 1, true ]
